[debug] [2026-05-27T07:55:40.564Z] ----------------------------------------------------------------------
[debug] [2026-05-27T07:55:40.567Z] Command:       C:\Program Files\nodejs\node.exe C:\Users\Acer\AppData\Roaming\npm\node_modules\firebase-tools\lib\bin\firebase.js deploy --only hosting:app --debug
[debug] [2026-05-27T07:55:40.567Z] CLI Version:   15.18.0
[debug] [2026-05-27T07:55:40.567Z] Platform:      win32
[debug] [2026-05-27T07:55:40.567Z] Node Version:  v24.16.0
[debug] [2026-05-27T07:55:40.567Z] Time:          Wed May 27 2026 15:55:40 GMT+0800 (Singapore Standard Time)
[debug] [2026-05-27T07:55:40.568Z] ----------------------------------------------------------------------
[debug] 
[debug] [2026-05-27T07:55:42.292Z] > command requires scopes: ["email","openid","https://www.googleapis.com/auth/cloudplatformprojects.readonly","https://www.googleapis.com/auth/firebase","https://www.googleapis.com/auth/cloud-platform"]
[debug] [2026-05-27T07:55:42.293Z] > authorizing via signed-in user (emmanuellim7393@gmail.com)
[debug] [2026-05-27T07:55:42.293Z] [iam] checking project openscoreboard-sg for permissions ["firebase.projects.get","firebasehosting.sites.update"]
[debug] [2026-05-27T07:55:42.295Z] Checked if tokens are valid: true, expires at: 1779871415077
[debug] [2026-05-27T07:55:42.295Z] Checked if tokens are valid: true, expires at: 1779871415077
[debug] [2026-05-27T07:55:42.296Z] >>> [apiv2][query] POST https://cloudresourcemanager.googleapis.com/v1/projects/openscoreboard-sg:testIamPermissions [none]
[debug] [2026-05-27T07:55:42.296Z] >>> [apiv2][(partial)header] POST https://cloudresourcemanager.googleapis.com/v1/projects/openscoreboard-sg:testIamPermissions  x-goog-user-project=openscoreboard-sg
[debug] [2026-05-27T07:55:42.296Z] >>> [apiv2][body] POST https://cloudresourcemanager.googleapis.com/v1/projects/openscoreboard-sg:testIamPermissions {"permissions":["firebase.projects.get","firebasehosting.sites.update"]}
[debug] [2026-05-27T07:55:43.398Z] <<< [apiv2][status] POST https://cloudresourcemanager.googleapis.com/v1/projects/openscoreboard-sg:testIamPermissions 200
[debug] [2026-05-27T07:55:43.399Z] <<< [apiv2][body] POST https://cloudresourcemanager.googleapis.com/v1/projects/openscoreboard-sg:testIamPermissions {"permissions":["firebase.projects.get","firebasehosting.sites.update"]}
[debug] [2026-05-27T07:55:43.399Z] Checked if tokens are valid: true, expires at: 1779871415077
[debug] [2026-05-27T07:55:43.399Z] Checked if tokens are valid: true, expires at: 1779871415077
[debug] [2026-05-27T07:55:43.400Z] >>> [apiv2][query] GET https://firebase.googleapis.com/v1beta1/projects/openscoreboard-sg [none]
[debug] [2026-05-27T07:55:44.666Z] <<< [apiv2][status] GET https://firebase.googleapis.com/v1beta1/projects/openscoreboard-sg 200
[debug] [2026-05-27T07:55:44.666Z] <<< [apiv2][body] GET https://firebase.googleapis.com/v1beta1/projects/openscoreboard-sg {"projectId":"openscoreboard-sg","projectNumber":"677202873577","displayName":"openscoreboard-sg","name":"projects/openscoreboard-sg","resources":{"hostingSite":"openscoreboard-sg","realtimeDatabaseInstance":"openscoreboard-sg-default-rtdb"},"state":"ACTIVE","etag":"1_5b3fedc4-3269-4770-b38b-b17d61194d9b"}
[info] 
[info] === Deploying to 'openscoreboard-sg'...
[info] 
[info] i  deploying hosting 
[debug] [2026-05-27T07:55:44.668Z] Checked if tokens are valid: true, expires at: 1779871415077
[debug] [2026-05-27T07:55:44.668Z] Checked if tokens are valid: true, expires at: 1779871415077
[debug] [2026-05-27T07:55:44.668Z] >>> [apiv2][query] GET https://firebasehosting.googleapis.com/v1beta1/projects/openscoreboard-sg/sites/openscoreboard-sg-app [none]
[debug] [2026-05-27T07:55:45.497Z] <<< [apiv2][status] GET https://firebasehosting.googleapis.com/v1beta1/projects/openscoreboard-sg/sites/openscoreboard-sg-app 200
[debug] [2026-05-27T07:55:45.497Z] <<< [apiv2][body] GET https://firebasehosting.googleapis.com/v1beta1/projects/openscoreboard-sg/sites/openscoreboard-sg-app {"name":"projects/openscoreboard-sg/sites/openscoreboard-sg-app","defaultUrl":"https://openscoreboard-sg-app.web.app","type":"USER_SITE"}
[debug] [2026-05-27T07:55:45.498Z] Checked if tokens are valid: true, expires at: 1779871415077
[debug] [2026-05-27T07:55:45.498Z] Checked if tokens are valid: true, expires at: 1779871415077
[debug] [2026-05-27T07:55:45.498Z] >>> [apiv2][query] POST https://firebasehosting.googleapis.com/v1beta1/projects/-/sites/openscoreboard-sg-app/versions [none]
[debug] [2026-05-27T07:55:45.498Z] >>> [apiv2][body] POST https://firebasehosting.googleapis.com/v1beta1/projects/-/sites/openscoreboard-sg-app/versions {"status":"CREATED","labels":{"deployment-tool":"cli-firebase"}}
[debug] [2026-05-27T07:55:46.393Z] <<< [apiv2][status] POST https://firebasehosting.googleapis.com/v1beta1/projects/-/sites/openscoreboard-sg-app/versions 200
[debug] [2026-05-27T07:55:46.393Z] <<< [apiv2][body] POST https://firebasehosting.googleapis.com/v1beta1/projects/-/sites/openscoreboard-sg-app/versions {"name":"projects/677202873577/sites/openscoreboard-sg-app/versions/d472d868dec91cbd","status":"CREATED","config":{},"labels":{"deployment-tool":"cli-firebase"}}
[info] i  hosting[openscoreboard-sg-app]: beginning deploy... 
[info] i  hosting[openscoreboard-sg-app]: found 26 files in openscoreboard-app/dist 
[debug] [2026-05-27T07:55:46.406Z] [hosting] uploading with 200 concurrency
[debug] [2026-05-27T07:55:46.411Z] Checked if tokens are valid: true, expires at: 1779871415077
[debug] [2026-05-27T07:55:46.411Z] Checked if tokens are valid: true, expires at: 1779871415077
[debug] [2026-05-27T07:55:46.412Z] [hosting] hash cache [b3BlbnNjb3JlYm9hcmQtYXBwXGRpc3Q] stored for 26 files
[debug] [2026-05-27T07:55:46.412Z] [hosting][hash queue][FINAL] {"max":2,"min":0,"avg":0,"active":0,"complete":26,"success":26,"errored":0,"retried":0,"total":26,"elapsed":4}
[debug] [2026-05-27T07:55:46.412Z] >>> [apiv2][query] POST https://firebasehosting.googleapis.com/v1beta1/projects/677202873577/sites/openscoreboard-sg-app/versions/d472d868dec91cbd:populateFiles [none]
[debug] [2026-05-27T07:55:46.412Z] >>> [apiv2][body] POST https://firebasehosting.googleapis.com/v1beta1/projects/677202873577/sites/openscoreboard-sg-app/versions/d472d868dec91cbd:populateFiles {"files":{"/metadata.json":"59607d4abc28dbe25c04810f4160b1e785f320a28d51d4caf80c70367ec8b978","/index.html":"677320398369f019ab3496af813426cd64d56957f26c1d364c2f4613426c25d9","/favicon.ico":"339b2a2a587c734e30aff04ecfefe6b0142fd9b20e150c5944761e81141ae520","/_expo/static/js/web/index-9535054ad06140d9c980675cc02f7f7b.js":"e870891fdf9a3c0d9ca54957a30d0416ea1bbfa2f7e13fb0df24f520c5223b3e","/_expo/static/js/web/AppEntry-719f3d1977cd5c60eff62edffdff751e.js":"882fcc619bba346be37ebd27646648079bab3b18917274bd5c035e7b27ba682f","/assets/node_modules/expo/node_modules/@expo/vector-icons/build/vendor/react-native-vector-icons/Fonts/Zocial.1681f34aaca71b8dfb70756bca331eb2.ttf":"afa62b88cb08058a55259eaadc0a77071a233d672bf48528ec202d7e8e209fb1","/assets/node_modules/expo/node_modules/@expo/vector-icons/build/vendor/react-native-vector-icons/Fonts/SimpleLineIcons.d2285965fe34b05465047401b8595dd0.ttf":"7dc88f09697a4ae07d5b51ae255548528f828fc13bf992b0920e448300aa63c5","/assets/node_modules/expo/node_modules/@expo/vector-icons/build/vendor/react-native-vector-icons/Fonts/Octicons.871378c6eab492a3e689a9385dc45a12.ttf":"a52e32ec2b8a58173e5824c468d992d9b65749e66ed521c3c28d57361e43deae","/assets/node_modules/expo/node_modules/@expo/vector-icons/build/vendor/react-native-vector-icons/Fonts/MaterialIcons.4e85bc9ebe07e0340c9c4fc2f6c38908.ttf":"c9ad4674db8af46e0b4bdcff009bcf4925863535ce1230899d2576645ec07691","/assets/node_modules/expo/node_modules/@expo/vector-icons/build/vendor/react-native-vector-icons/Fonts/MaterialCommunityIcons.6e435534bd35da5fef04168860a9b8fa.ttf":"c3b223b088d2712e67f773b4f9589093ce20c1341ed97f3b9126c7862a3b3dc7","/assets/node_modules/expo/node_modules/@expo/vector-icons/build/vendor/react-native-vector-icons/Fonts/Ionicons.b4eb097d35f44ed943676fd56f6bdc51.ttf":"711ac561b20157b0f0daf1340845ff263b89bc1e2aae30638497716cef43996e","/assets/node_modules/expo/node_modules/@expo/vector-icons/build/vendor/react-native-vector-icons/Fonts/Foundation.e20945d7c929279ef7a6f1db184a4470.ttf":"c2f91432452dc2af8572d423174cbafe05f90813619fbadce4de3f62b9ea9c07","/assets/node_modules/expo/node_modules/@expo/vector-icons/build/vendor/react-native-vector-icons/Fonts/Fontisto.b49ae8ab2dbccb02c4d11caaacf09eab.ttf":"c662a3e02d659bcd86404af2de6377d32528a9c34577df7903578bebdd9f3be5","/assets/node_modules/expo/node_modules/@expo/vector-icons/build/vendor/react-native-vector-icons/Fonts/FontAwesome6_Solid.adec7d6f310bc577f05e8fe06a5daccf.ttf":"97fef656feed9857ff47cf63a1a94b1dc04ba9cde1282087981b472119929568","/assets/node_modules/expo/node_modules/@expo/vector-icons/build/vendor/react-native-vector-icons/Fonts/FontAwesome6_Regular.370dd5af19f8364907b6e2c41f45dbbf.ttf":"1757df674dbf9203c0375f45b79386d14b26122806a23c9aac5f405a1f98700a","/assets/node_modules/expo/node_modules/@expo/vector-icons/build/vendor/react-native-vector-icons/Fonts/FontAwesome6_Brands.56c8d80832e37783f12c05db7c8849e2.ttf":"6d3a52f16a8ad644d70f92c27551c11c8cb8da014bbda19bf7db6b1efa3bde76","/assets/node_modules/expo/node_modules/@expo/vector-icons/build/vendor/react-native-vector-icons/Fonts/FontAwesome5_Solid.605ed7926cf39a2ad5ec2d1f9d391d3d.ttf":"07fd72248128f36099779414746afa143b93088555572cdf4748f73888385f92","/assets/node_modules/expo/node_modules/@expo/vector-icons/build/vendor/react-native-vector-icons/Fonts/FontAwesome5_Regular.1f77739ca9ff2188b539c36f30ffa2be.ttf":"56a9ac2c85b7c593c1940ade60e56ee8a25d05f5568bf113d533db251ad1b86c","/assets/node_modules/expo/node_modules/@expo/vector-icons/build/vendor/react-native-vector-icons/Fonts/FontAwesome5_Brands.3b89dd103490708d19a95adcae52210e.ttf":"b20ce98b15739af71e3b1ec6463aaecf660d88eec057c5a35ad29363089fc087","/assets/node_modules/expo/node_modules/@expo/vector-icons/build/vendor/react-native-vector-icons/Fonts/FontAwesome.b06871f281fee6b241d60582ae9369b9.ttf":"372cd1aecf58263d38b3dd9c528d48ab6189595bd4e2bd4b54e8d74dd87fb9e6","/assets/node_modules/expo/node_modules/@expo/vector-icons/build/vendor/react-native-vector-icons/Fonts/Feather.ca4b48e04dc1ce10bfbddb262c8b835f.ttf":"c2837c72480a878bbf3ce9e3c65009376020eddf40540f5d30f9eea76cd617c7","/assets/node_modules/expo/node_modules/@expo/vector-icons/build/vendor/react-native-vector-icons/Fonts/EvilIcons.140c53a7643ea949007aa9a282153849.ttf":"33cc61ed1c6f7b8415d75899ee2e0a9cd045aae85ced7de5243a4e091c4906d5","/assets/node_modules/expo/node_modules/@expo/vector-icons/build/vendor/react-native-vector-icons/Fonts/Entypo.31b5ffea3daddc69dd01a1f3d6cf63c5.ttf":"9f63a3b136a168c5850820e3e5ce7af5288e591715ecc7fa40938e5d6413bd0c","/assets/node_modules/expo/node_modules/@expo/vector-icons/build/vendor/react-native-vector-icons/Fonts/AntDesign.3f78af31cca60105799838a1a7a59fbd.ttf":"5688db18d40002c1d45f2a137810d091588c18de48f789babcc3931b58bb078c","/assets/node_modules/@react-navigation/elements/lib/module/assets/back-icon.35ba0eaec5a4f5ed12ca16fabeae451d.png":"c9dc675c0fa80f9b608ebff3c70479f21511b6b02c6ca5c2ee4da9be357b26a0","/assets/node_modules/@react-navigation/elements/lib/module/assets/back-icon-mask.5223c8d9b0d08b82a5670fb5f71faf78.png":"3faa499624f59c6d5ec7d2e6803d27b077baedbeb5baa8ecd61d0f3855c24bb3"}}
[debug] [2026-05-27T07:55:46.948Z] <<< [apiv2][status] POST https://firebasehosting.googleapis.com/v1beta1/projects/677202873577/sites/openscoreboard-sg-app/versions/d472d868dec91cbd:populateFiles 200
[debug] [2026-05-27T07:55:46.948Z] <<< [apiv2][body] POST https://firebasehosting.googleapis.com/v1beta1/projects/677202873577/sites/openscoreboard-sg-app/versions/d472d868dec91cbd:populateFiles {"uploadUrl":"https://upload-firebasehosting.googleapis.com/upload/sites/openscoreboard-sg-app/versions/d472d868dec91cbd/files"}
[debug] [2026-05-27T07:55:46.948Z] [hosting][populate queue][FINAL] {"max":538,"min":538,"avg":538,"active":0,"complete":1,"success":1,"errored":0,"retried":0,"total":1,"elapsed":538}
[debug] [2026-05-27T07:55:46.949Z] [hosting] uploads queued: 0
[debug] [2026-05-27T07:55:46.949Z] [hosting][upload queue][FINAL] {"max":0,"min":9999999999,"avg":0,"active":0,"complete":0,"success":0,"errored":0,"retried":0,"total":0,"elapsed":1779868546949}
[info] i  hosting: upload complete 
[info] +  hosting[openscoreboard-sg-app]: file upload complete 
[debug] [2026-05-27T07:55:46.949Z] [hosting] deploy completed after 554ms
[debug] [2026-05-27T07:55:46.949Z] [
  {
    "config": {
      "target": "app",
      "public": "openscoreboard-app/dist",
      "ignore": [
        "firebase.json",
        "**/.*"
      ],
      "rewrites": [
        {
          "source": "/login",
          "destination": "/index.html"
        },
        {
          "source": "/scoring/**",
          "destination": "/index.html"
        },
        {
          "source": "/tables",
          "destination": "/index.html"
        },
        {
          "source": "/scoreboards",
          "destination": "/index.html"
        },
        {
          "source": "/",
          "destination": "/index.html"
        }
      ],
      "site": "openscoreboard-sg-app"
    },
    "version": "projects/677202873577/sites/openscoreboard-sg-app/versions/d472d868dec91cbd"
  }
]
[info] i  hosting[openscoreboard-sg-app]: finalizing version... 
[debug] [2026-05-27T07:55:46.950Z] Checked if tokens are valid: true, expires at: 1779871415077
[debug] [2026-05-27T07:55:46.950Z] Checked if tokens are valid: true, expires at: 1779871415077
[debug] [2026-05-27T07:55:46.950Z] >>> [apiv2][query] PATCH https://firebasehosting.googleapis.com/v1beta1/projects/-/sites/openscoreboard-sg-app/versions/d472d868dec91cbd updateMask=status%2Cconfig
[debug] [2026-05-27T07:55:46.951Z] >>> [apiv2][body] PATCH https://firebasehosting.googleapis.com/v1beta1/projects/-/sites/openscoreboard-sg-app/versions/d472d868dec91cbd {"status":"FINALIZED","config":{"rewrites":[{"glob":"/login","path":"/index.html"},{"glob":"/scoring/**","path":"/index.html"},{"glob":"/tables","path":"/index.html"},{"glob":"/scoreboards","path":"/index.html"},{"glob":"/","path":"/index.html"}]}}
[debug] [2026-05-27T07:55:47.773Z] <<< [apiv2][status] PATCH https://firebasehosting.googleapis.com/v1beta1/projects/-/sites/openscoreboard-sg-app/versions/d472d868dec91cbd 200
[debug] [2026-05-27T07:55:47.773Z] <<< [apiv2][body] PATCH https://firebasehosting.googleapis.com/v1beta1/projects/-/sites/openscoreboard-sg-app/versions/d472d868dec91cbd {"name":"projects/677202873577/sites/openscoreboard-sg-app/versions/d472d868dec91cbd","status":"FINALIZED","config":{"rewrites":[{"glob":"/login","path":"/index.html"},{"glob":"/scoring/**","path":"/index.html"},{"glob":"/tables","path":"/index.html"},{"glob":"/scoreboards","path":"/index.html"},{"glob":"/","path":"/index.html"}]},"labels":{"deployment-tool":"cli-firebase"},"createTime":"2026-05-27T07:55:45.544581Z","createUser":{"email":"emmanuellim7393@gmail.com"},"finalizeTime":"2026-05-27T07:55:47.328787Z","finalizeUser":{"email":"emmanuellim7393@gmail.com"}}
[debug] [2026-05-27T07:55:47.773Z] [hosting] finalized version for openscoreboard-sg-app:[object Object]
[info] +  hosting[openscoreboard-sg-app]: version finalized 
[info] i  hosting[openscoreboard-sg-app]: releasing new version... 
[debug] [2026-05-27T07:55:47.774Z] Checked if tokens are valid: true, expires at: 1779871415077
[debug] [2026-05-27T07:55:47.774Z] Checked if tokens are valid: true, expires at: 1779871415077
[debug] [2026-05-27T07:55:47.774Z] >>> [apiv2][query] POST https://firebasehosting.googleapis.com/v1beta1/projects/-/sites/openscoreboard-sg-app/channels/live/releases versionName=projects%2F677202873577%2Fsites%2Fopenscoreboard-sg-app%2Fversions%2Fd472d868dec91cbd
[debug] [2026-05-27T07:55:47.774Z] >>> [apiv2][body] POST https://firebasehosting.googleapis.com/v1beta1/projects/-/sites/openscoreboard-sg-app/channels/live/releases {}
[debug] [2026-05-27T07:55:48.565Z] <<< [apiv2][status] POST https://firebasehosting.googleapis.com/v1beta1/projects/-/sites/openscoreboard-sg-app/channels/live/releases 200
[debug] [2026-05-27T07:58:08.807Z] ----------------------------------------------------------------------
[debug] [2026-05-27T07:58:08.810Z] Command:       C:\Program Files\nodejs\node.exe C:\Users\Acer\AppData\Roaming\npm\node_modules\firebase-tools\lib\bin\firebase.js deploy --only hosting:app --debug
[debug] [2026-05-27T07:58:08.811Z] CLI Version:   15.18.0
[debug] [2026-05-27T07:58:08.811Z] Platform:      win32
[debug] [2026-05-27T07:58:08.811Z] Node Version:  v24.16.0
[debug] [2026-05-27T07:58:08.811Z] Time:          Wed May 27 2026 15:58:08 GMT+0800 (Singapore Standard Time)
[debug] [2026-05-27T07:58:08.811Z] ----------------------------------------------------------------------
[debug] 
[debug] [2026-05-27T07:58:10.547Z] > command requires scopes: ["email","openid","https://www.googleapis.com/auth/cloudplatformprojects.readonly","https://www.googleapis.com/auth/firebase","https://www.googleapis.com/auth/cloud-platform"]
[debug] [2026-05-27T07:58:10.548Z] > authorizing via signed-in user (emmanuellim7393@gmail.com)
[debug] [2026-05-27T07:58:10.548Z] [iam] checking project openscoreboard-sg for permissions ["firebase.projects.get","firebasehosting.sites.update"]
[debug] [2026-05-27T07:58:10.549Z] Checked if tokens are valid: true, expires at: 1779871415077
[debug] [2026-05-27T07:58:10.549Z] Checked if tokens are valid: true, expires at: 1779871415077
[debug] [2026-05-27T07:58:10.550Z] >>> [apiv2][query] POST https://cloudresourcemanager.googleapis.com/v1/projects/openscoreboard-sg:testIamPermissions [none]
[debug] [2026-05-27T07:58:10.550Z] >>> [apiv2][(partial)header] POST https://cloudresourcemanager.googleapis.com/v1/projects/openscoreboard-sg:testIamPermissions  x-goog-user-project=openscoreboard-sg
[debug] [2026-05-27T07:58:10.550Z] >>> [apiv2][body] POST https://cloudresourcemanager.googleapis.com/v1/projects/openscoreboard-sg:testIamPermissions {"permissions":["firebase.projects.get","firebasehosting.sites.update"]}
[debug] [2026-05-27T07:58:11.757Z] <<< [apiv2][status] POST https://cloudresourcemanager.googleapis.com/v1/projects/openscoreboard-sg:testIamPermissions 200
[debug] [2026-05-27T07:58:11.757Z] <<< [apiv2][body] POST https://cloudresourcemanager.googleapis.com/v1/projects/openscoreboard-sg:testIamPermissions {"permissions":["firebase.projects.get","firebasehosting.sites.update"]}
[debug] [2026-05-27T07:58:11.758Z] Checked if tokens are valid: true, expires at: 1779871415077
[debug] [2026-05-27T07:58:11.758Z] Checked if tokens are valid: true, expires at: 1779871415077
[debug] [2026-05-27T07:58:11.758Z] >>> [apiv2][query] GET https://firebase.googleapis.com/v1beta1/projects/openscoreboard-sg [none]
[debug] [2026-05-27T07:58:12.514Z] <<< [apiv2][status] GET https://firebase.googleapis.com/v1beta1/projects/openscoreboard-sg 200
[debug] [2026-05-27T07:58:12.515Z] <<< [apiv2][body] GET https://firebase.googleapis.com/v1beta1/projects/openscoreboard-sg {"projectId":"openscoreboard-sg","projectNumber":"677202873577","displayName":"openscoreboard-sg","name":"projects/openscoreboard-sg","resources":{"hostingSite":"openscoreboard-sg","realtimeDatabaseInstance":"openscoreboard-sg-default-rtdb"},"state":"ACTIVE","etag":"1_5b3fedc4-3269-4770-b38b-b17d61194d9b"}
[info] 
[info] === Deploying to 'openscoreboard-sg'...
[info] 
[info] i  deploying hosting 
[debug] [2026-05-27T07:58:12.517Z] Checked if tokens are valid: true, expires at: 1779871415077
[debug] [2026-05-27T07:58:12.517Z] Checked if tokens are valid: true, expires at: 1779871415077
[debug] [2026-05-27T07:58:12.517Z] >>> [apiv2][query] GET https://firebasehosting.googleapis.com/v1beta1/projects/openscoreboard-sg/sites/openscoreboard-sg-app [none]
[debug] [2026-05-27T07:58:13.696Z] <<< [apiv2][status] GET https://firebasehosting.googleapis.com/v1beta1/projects/openscoreboard-sg/sites/openscoreboard-sg-app 200
[debug] [2026-05-27T07:58:13.696Z] <<< [apiv2][body] GET https://firebasehosting.googleapis.com/v1beta1/projects/openscoreboard-sg/sites/openscoreboard-sg-app {"name":"projects/openscoreboard-sg/sites/openscoreboard-sg-app","defaultUrl":"https://openscoreboard-sg-app.web.app","type":"USER_SITE"}
[debug] [2026-05-27T07:58:13.697Z] Checked if tokens are valid: true, expires at: 1779871415077
[debug] [2026-05-27T07:58:13.697Z] Checked if tokens are valid: true, expires at: 1779871415077
[debug] [2026-05-27T07:58:13.697Z] >>> [apiv2][query] POST https://firebasehosting.googleapis.com/v1beta1/projects/-/sites/openscoreboard-sg-app/versions [none]
[debug] [2026-05-27T07:58:13.698Z] >>> [apiv2][body] POST https://firebasehosting.googleapis.com/v1beta1/projects/-/sites/openscoreboard-sg-app/versions {"status":"CREATED","labels":{"deployment-tool":"cli-firebase"}}
[debug] [2026-05-27T07:58:14.540Z] <<< [apiv2][status] POST https://firebasehosting.googleapis.com/v1beta1/projects/-/sites/openscoreboard-sg-app/versions 200
[debug] [2026-05-27T07:58:14.540Z] <<< [apiv2][body] POST https://firebasehosting.googleapis.com/v1beta1/projects/-/sites/openscoreboard-sg-app/versions {"name":"projects/677202873577/sites/openscoreboard-sg-app/versions/af7a8cd273b29499","status":"CREATED","config":{},"labels":{"deployment-tool":"cli-firebase"}}
[info] i  hosting[openscoreboard-sg-app]: beginning deploy... 
[info] i  hosting[openscoreboard-sg-app]: found 26 files in openscoreboard-app/dist 
[debug] [2026-05-27T07:58:14.554Z] [hosting] uploading with 200 concurrency
[debug] [2026-05-27T07:58:14.558Z] Checked if tokens are valid: true, expires at: 1779871415077
[debug] [2026-05-27T07:58:14.558Z] Checked if tokens are valid: true, expires at: 1779871415077
[debug] [2026-05-27T07:58:14.559Z] [hosting] hash cache [b3BlbnNjb3JlYm9hcmQtYXBwXGRpc3Q] stored for 26 files
[debug] [2026-05-27T07:58:14.560Z] [hosting][hash queue][FINAL] {"max":3,"min":0,"avg":0,"active":0,"complete":26,"success":26,"errored":0,"retried":0,"total":26,"elapsed":5}
[debug] [2026-05-27T07:58:14.560Z] >>> [apiv2][query] POST https://firebasehosting.googleapis.com/v1beta1/projects/677202873577/sites/openscoreboard-sg-app/versions/af7a8cd273b29499:populateFiles [none]
[debug] [2026-05-27T07:58:14.560Z] >>> [apiv2][body] POST https://firebasehosting.googleapis.com/v1beta1/projects/677202873577/sites/openscoreboard-sg-app/versions/af7a8cd273b29499:populateFiles {"files":{"/metadata.json":"59607d4abc28dbe25c04810f4160b1e785f320a28d51d4caf80c70367ec8b978","/index.html":"677320398369f019ab3496af813426cd64d56957f26c1d364c2f4613426c25d9","/favicon.ico":"339b2a2a587c734e30aff04ecfefe6b0142fd9b20e150c5944761e81141ae520","/_expo/static/js/web/index-9535054ad06140d9c980675cc02f7f7b.js":"e870891fdf9a3c0d9ca54957a30d0416ea1bbfa2f7e13fb0df24f520c5223b3e","/_expo/static/js/web/AppEntry-719f3d1977cd5c60eff62edffdff751e.js":"882fcc619bba346be37ebd27646648079bab3b18917274bd5c035e7b27ba682f","/assets/node_modules/expo/node_modules/@expo/vector-icons/build/vendor/react-native-vector-icons/Fonts/Zocial.1681f34aaca71b8dfb70756bca331eb2.ttf":"afa62b88cb08058a55259eaadc0a77071a233d672bf48528ec202d7e8e209fb1","/assets/node_modules/expo/node_modules/@expo/vector-icons/build/vendor/react-native-vector-icons/Fonts/SimpleLineIcons.d2285965fe34b05465047401b8595dd0.ttf":"7dc88f09697a4ae07d5b51ae255548528f828fc13bf992b0920e448300aa63c5","/assets/node_modules/expo/node_modules/@expo/vector-icons/build/vendor/react-native-vector-icons/Fonts/Octicons.871378c6eab492a3e689a9385dc45a12.ttf":"a52e32ec2b8a58173e5824c468d992d9b65749e66ed521c3c28d57361e43deae","/assets/node_modules/expo/node_modules/@expo/vector-icons/build/vendor/react-native-vector-icons/Fonts/MaterialIcons.4e85bc9ebe07e0340c9c4fc2f6c38908.ttf":"c9ad4674db8af46e0b4bdcff009bcf4925863535ce1230899d2576645ec07691","/assets/node_modules/expo/node_modules/@expo/vector-icons/build/vendor/react-native-vector-icons/Fonts/MaterialCommunityIcons.6e435534bd35da5fef04168860a9b8fa.ttf":"c3b223b088d2712e67f773b4f9589093ce20c1341ed97f3b9126c7862a3b3dc7","/assets/node_modules/expo/node_modules/@expo/vector-icons/build/vendor/react-native-vector-icons/Fonts/Ionicons.b4eb097d35f44ed943676fd56f6bdc51.ttf":"711ac561b20157b0f0daf1340845ff263b89bc1e2aae30638497716cef43996e","/assets/node_modules/expo/node_modules/@expo/vector-icons/build/vendor/react-native-vector-icons/Fonts/Foundation.e20945d7c929279ef7a6f1db184a4470.ttf":"c2f91432452dc2af8572d423174cbafe05f90813619fbadce4de3f62b9ea9c07","/assets/node_modules/expo/node_modules/@expo/vector-icons/build/vendor/react-native-vector-icons/Fonts/Fontisto.b49ae8ab2dbccb02c4d11caaacf09eab.ttf":"c662a3e02d659bcd86404af2de6377d32528a9c34577df7903578bebdd9f3be5","/assets/node_modules/expo/node_modules/@expo/vector-icons/build/vendor/react-native-vector-icons/Fonts/FontAwesome6_Solid.adec7d6f310bc577f05e8fe06a5daccf.ttf":"97fef656feed9857ff47cf63a1a94b1dc04ba9cde1282087981b472119929568","/assets/node_modules/expo/node_modules/@expo/vector-icons/build/vendor/react-native-vector-icons/Fonts/FontAwesome6_Regular.370dd5af19f8364907b6e2c41f45dbbf.ttf":"1757df674dbf9203c0375f45b79386d14b26122806a23c9aac5f405a1f98700a","/assets/node_modules/expo/node_modules/@expo/vector-icons/build/vendor/react-native-vector-icons/Fonts/FontAwesome6_Brands.56c8d80832e37783f12c05db7c8849e2.ttf":"6d3a52f16a8ad644d70f92c27551c11c8cb8da014bbda19bf7db6b1efa3bde76","/assets/node_modules/expo/node_modules/@expo/vector-icons/build/vendor/react-native-vector-icons/Fonts/FontAwesome5_Solid.605ed7926cf39a2ad5ec2d1f9d391d3d.ttf":"07fd72248128f36099779414746afa143b93088555572cdf4748f73888385f92","/assets/node_modules/expo/node_modules/@expo/vector-icons/build/vendor/react-native-vector-icons/Fonts/FontAwesome5_Regular.1f77739ca9ff2188b539c36f30ffa2be.ttf":"56a9ac2c85b7c593c1940ade60e56ee8a25d05f5568bf113d533db251ad1b86c","/assets/node_modules/expo/node_modules/@expo/vector-icons/build/vendor/react-native-vector-icons/Fonts/FontAwesome5_Brands.3b89dd103490708d19a95adcae52210e.ttf":"b20ce98b15739af71e3b1ec6463aaecf660d88eec057c5a35ad29363089fc087","/assets/node_modules/expo/node_modules/@expo/vector-icons/build/vendor/react-native-vector-icons/Fonts/FontAwesome.b06871f281fee6b241d60582ae9369b9.ttf":"372cd1aecf58263d38b3dd9c528d48ab6189595bd4e2bd4b54e8d74dd87fb9e6","/assets/node_modules/expo/node_modules/@expo/vector-icons/build/vendor/react-native-vector-icons/Fonts/Feather.ca4b48e04dc1ce10bfbddb262c8b835f.ttf":"c2837c72480a878bbf3ce9e3c65009376020eddf40540f5d30f9eea76cd617c7","/assets/node_modules/expo/node_modules/@expo/vector-icons/build/vendor/react-native-vector-icons/Fonts/EvilIcons.140c53a7643ea949007aa9a282153849.ttf":"33cc61ed1c6f7b8415d75899ee2e0a9cd045aae85ced7de5243a4e091c4906d5","/assets/node_modules/expo/node_modules/@expo/vector-icons/build/vendor/react-native-vector-icons/Fonts/Entypo.31b5ffea3daddc69dd01a1f3d6cf63c5.ttf":"9f63a3b136a168c5850820e3e5ce7af5288e591715ecc7fa40938e5d6413bd0c","/assets/node_modules/expo/node_modules/@expo/vector-icons/build/vendor/react-native-vector-icons/Fonts/AntDesign.3f78af31cca60105799838a1a7a59fbd.ttf":"5688db18d40002c1d45f2a137810d091588c18de48f789babcc3931b58bb078c","/assets/node_modules/@react-navigation/elements/lib/module/assets/back-icon.35ba0eaec5a4f5ed12ca16fabeae451d.png":"c9dc675c0fa80f9b608ebff3c70479f21511b6b02c6ca5c2ee4da9be357b26a0","/assets/node_modules/@react-navigation/elements/lib/module/assets/back-icon-mask.5223c8d9b0d08b82a5670fb5f71faf78.png":"3faa499624f59c6d5ec7d2e6803d27b077baedbeb5baa8ecd61d0f3855c24bb3"}}
[debug] [2026-05-27T07:58:15.177Z] <<< [apiv2][status] POST https://firebasehosting.googleapis.com/v1beta1/projects/677202873577/sites/openscoreboard-sg-app/versions/af7a8cd273b29499:populateFiles 200
[debug] [2026-05-27T07:58:15.178Z] <<< [apiv2][body] POST https://firebasehosting.googleapis.com/v1beta1/projects/677202873577/sites/openscoreboard-sg-app/versions/af7a8cd273b29499:populateFiles {"uploadUrl":"https://upload-firebasehosting.googleapis.com/upload/sites/openscoreboard-sg-app/versions/af7a8cd273b29499/files"}
[debug] [2026-05-27T07:58:15.178Z] [hosting][populate queue][FINAL] {"max":620,"min":620,"avg":620,"active":0,"complete":1,"success":1,"errored":0,"retried":0,"total":1,"elapsed":620}
[debug] [2026-05-27T07:58:15.178Z] [hosting] uploads queued: 0
[debug] [2026-05-27T07:58:15.178Z] [hosting][upload queue][FINAL] {"max":0,"min":9999999999,"avg":0,"active":0,"complete":0,"success":0,"errored":0,"retried":0,"total":0,"elapsed":1779868695178}
[info] i  hosting: upload complete 
[info] +  hosting[openscoreboard-sg-app]: file upload complete 
[debug] [2026-05-27T07:58:15.178Z] [hosting] deploy completed after 636ms
[debug] [2026-05-27T07:58:15.179Z] [
  {
    "config": {
      "target": "app",
      "public": "openscoreboard-app/dist",
      "ignore": [
        "firebase.json",
        "**/.*"
      ],
      "rewrites": [
        {
          "source": "/login",
          "destination": "/index.html"
        },
        {
          "source": "/scoring/**",
          "destination": "/index.html"
        },
        {
          "source": "/tables",
          "destination": "/index.html"
        },
        {
          "source": "/scoreboards",
          "destination": "/index.html"
        },
        {
          "source": "/",
          "destination": "/index.html"
        }
      ],
      "site": "openscoreboard-sg-app"
    },
    "version": "projects/677202873577/sites/openscoreboard-sg-app/versions/af7a8cd273b29499"
  }
]
[info] i  hosting[openscoreboard-sg-app]: finalizing version... 
[debug] [2026-05-27T07:58:15.180Z] Checked if tokens are valid: true, expires at: 1779871415077
[debug] [2026-05-27T07:58:15.180Z] Checked if tokens are valid: true, expires at: 1779871415077
[debug] [2026-05-27T07:58:15.180Z] >>> [apiv2][query] PATCH https://firebasehosting.googleapis.com/v1beta1/projects/-/sites/openscoreboard-sg-app/versions/af7a8cd273b29499 updateMask=status%2Cconfig
[debug] [2026-05-27T07:58:15.180Z] >>> [apiv2][body] PATCH https://firebasehosting.googleapis.com/v1beta1/projects/-/sites/openscoreboard-sg-app/versions/af7a8cd273b29499 {"status":"FINALIZED","config":{"rewrites":[{"glob":"/login","path":"/index.html"},{"glob":"/scoring/**","path":"/index.html"},{"glob":"/tables","path":"/index.html"},{"glob":"/scoreboards","path":"/index.html"},{"glob":"/","path":"/index.html"}]}}
[debug] [2026-05-27T07:58:16.017Z] <<< [apiv2][status] PATCH https://firebasehosting.googleapis.com/v1beta1/projects/-/sites/openscoreboard-sg-app/versions/af7a8cd273b29499 200
[debug] [2026-05-27T07:58:16.017Z] <<< [apiv2][body] PATCH https://firebasehosting.googleapis.com/v1beta1/projects/-/sites/openscoreboard-sg-app/versions/af7a8cd273b29499 {"name":"projects/677202873577/sites/openscoreboard-sg-app/versions/af7a8cd273b29499","status":"FINALIZED","config":{"rewrites":[{"glob":"/login","path":"/index.html"},{"glob":"/scoring/**","path":"/index.html"},{"glob":"/tables","path":"/index.html"},{"glob":"/scoreboards","path":"/index.html"},{"glob":"/","path":"/index.html"}]},"labels":{"deployment-tool":"cli-firebase"},"createTime":"2026-05-27T07:58:13.757902Z","createUser":{"email":"emmanuellim7393@gmail.com"},"finalizeTime":"2026-05-27T07:58:15.570951Z","finalizeUser":{"email":"emmanuellim7393@gmail.com"}}
[debug] [2026-05-27T07:58:16.017Z] [hosting] finalized version for openscoreboard-sg-app:[object Object]
[info] +  hosting[openscoreboard-sg-app]: version finalized 
[info] i  hosting[openscoreboard-sg-app]: releasing new version... 
[debug] [2026-05-27T07:58:16.017Z] Checked if tokens are valid: true, expires at: 1779871415077
[debug] [2026-05-27T07:58:16.017Z] Checked if tokens are valid: true, expires at: 1779871415077
[debug] [2026-05-27T07:58:16.018Z] >>> [apiv2][query] POST https://firebasehosting.googleapis.com/v1beta1/projects/-/sites/openscoreboard-sg-app/channels/live/releases versionName=projects%2F677202873577%2Fsites%2Fopenscoreboard-sg-app%2Fversions%2Faf7a8cd273b29499
[debug] [2026-05-27T07:58:16.018Z] >>> [apiv2][body] POST https://firebasehosting.googleapis.com/v1beta1/projects/-/sites/openscoreboard-sg-app/channels/live/releases {}
[debug] [2026-05-27T07:58:16.768Z] <<< [apiv2][status] POST https://firebasehosting.googleapis.com/v1beta1/projects/-/sites/openscoreboard-sg-app/channels/live/releases 200
[debug] [2026-05-27T08:00:54.051Z] ----------------------------------------------------------------------
[debug] [2026-05-27T08:00:54.053Z] Command:       C:\Program Files\nodejs\node.exe C:\Users\Acer\AppData\Roaming\npm\node_modules\firebase-tools\lib\bin\firebase.js deploy --only hosting:app --debug
[debug] [2026-05-27T08:00:54.053Z] CLI Version:   15.18.0
[debug] [2026-05-27T08:00:54.053Z] Platform:      win32
[debug] [2026-05-27T08:00:54.054Z] Node Version:  v24.16.0
[debug] [2026-05-27T08:00:54.054Z] Time:          Wed May 27 2026 16:00:54 GMT+0800 (Singapore Standard Time)
[debug] [2026-05-27T08:00:54.054Z] ----------------------------------------------------------------------
[debug] 
[debug] [2026-05-27T08:00:55.851Z] > command requires scopes: ["email","openid","https://www.googleapis.com/auth/cloudplatformprojects.readonly","https://www.googleapis.com/auth/firebase","https://www.googleapis.com/auth/cloud-platform"]
[debug] [2026-05-27T08:00:55.852Z] > authorizing via signed-in user (emmanuellim7393@gmail.com)
[debug] [2026-05-27T08:00:55.852Z] [iam] checking project openscoreboard-sg for permissions ["firebase.projects.get","firebasehosting.sites.update"]
[debug] [2026-05-27T08:00:55.854Z] Checked if tokens are valid: true, expires at: 1779871415077
[debug] [2026-05-27T08:00:55.854Z] Checked if tokens are valid: true, expires at: 1779871415077
[debug] [2026-05-27T08:00:55.857Z] >>> [apiv2][query] POST https://cloudresourcemanager.googleapis.com/v1/projects/openscoreboard-sg:testIamPermissions [none]
[debug] [2026-05-27T08:00:55.857Z] >>> [apiv2][(partial)header] POST https://cloudresourcemanager.googleapis.com/v1/projects/openscoreboard-sg:testIamPermissions  x-goog-user-project=openscoreboard-sg
[debug] [2026-05-27T08:00:55.857Z] >>> [apiv2][body] POST https://cloudresourcemanager.googleapis.com/v1/projects/openscoreboard-sg:testIamPermissions {"permissions":["firebase.projects.get","firebasehosting.sites.update"]}
[debug] [2026-05-27T08:00:56.979Z] <<< [apiv2][status] POST https://cloudresourcemanager.googleapis.com/v1/projects/openscoreboard-sg:testIamPermissions 200
[debug] [2026-05-27T08:00:56.979Z] <<< [apiv2][body] POST https://cloudresourcemanager.googleapis.com/v1/projects/openscoreboard-sg:testIamPermissions {"permissions":["firebase.projects.get","firebasehosting.sites.update"]}
[debug] [2026-05-27T08:00:56.979Z] Checked if tokens are valid: true, expires at: 1779871415077
[debug] [2026-05-27T08:00:56.980Z] Checked if tokens are valid: true, expires at: 1779871415077
[debug] [2026-05-27T08:00:56.980Z] >>> [apiv2][query] GET https://firebase.googleapis.com/v1beta1/projects/openscoreboard-sg [none]
[debug] [2026-05-27T08:00:57.333Z] <<< [apiv2][status] GET https://firebase.googleapis.com/v1beta1/projects/openscoreboard-sg 200
[debug] [2026-05-27T08:00:57.333Z] <<< [apiv2][body] GET https://firebase.googleapis.com/v1beta1/projects/openscoreboard-sg {"projectId":"openscoreboard-sg","projectNumber":"677202873577","displayName":"openscoreboard-sg","name":"projects/openscoreboard-sg","resources":{"hostingSite":"openscoreboard-sg","realtimeDatabaseInstance":"openscoreboard-sg-default-rtdb"},"state":"ACTIVE","etag":"1_5b3fedc4-3269-4770-b38b-b17d61194d9b"}
[info] 
[info] === Deploying to 'openscoreboard-sg'...
[info] 
[info] i  deploying hosting 
[debug] [2026-05-27T08:00:57.335Z] Checked if tokens are valid: true, expires at: 1779871415077
[debug] [2026-05-27T08:00:57.335Z] Checked if tokens are valid: true, expires at: 1779871415077
[debug] [2026-05-27T08:00:57.335Z] >>> [apiv2][query] GET https://firebasehosting.googleapis.com/v1beta1/projects/openscoreboard-sg/sites/openscoreboard-sg-app [none]
[debug] [2026-05-27T08:00:58.264Z] <<< [apiv2][status] GET https://firebasehosting.googleapis.com/v1beta1/projects/openscoreboard-sg/sites/openscoreboard-sg-app 200
[debug] [2026-05-27T08:00:58.265Z] <<< [apiv2][body] GET https://firebasehosting.googleapis.com/v1beta1/projects/openscoreboard-sg/sites/openscoreboard-sg-app {"name":"projects/openscoreboard-sg/sites/openscoreboard-sg-app","defaultUrl":"https://openscoreboard-sg-app.web.app","type":"USER_SITE"}
[debug] [2026-05-27T08:00:58.266Z] Checked if tokens are valid: true, expires at: 1779871415077
[debug] [2026-05-27T08:00:58.267Z] Checked if tokens are valid: true, expires at: 1779871415077
[debug] [2026-05-27T08:00:58.267Z] >>> [apiv2][query] POST https://firebasehosting.googleapis.com/v1beta1/projects/-/sites/openscoreboard-sg-app/versions [none]
[debug] [2026-05-27T08:00:58.267Z] >>> [apiv2][body] POST https://firebasehosting.googleapis.com/v1beta1/projects/-/sites/openscoreboard-sg-app/versions {"status":"CREATED","labels":{"deployment-tool":"cli-firebase"}}
[debug] [2026-05-27T08:00:59.329Z] <<< [apiv2][status] POST https://firebasehosting.googleapis.com/v1beta1/projects/-/sites/openscoreboard-sg-app/versions 200
[debug] [2026-05-27T08:00:59.329Z] <<< [apiv2][body] POST https://firebasehosting.googleapis.com/v1beta1/projects/-/sites/openscoreboard-sg-app/versions {"name":"projects/677202873577/sites/openscoreboard-sg-app/versions/ad107d4de723c719","status":"CREATED","config":{},"labels":{"deployment-tool":"cli-firebase"}}
[info] i  hosting[openscoreboard-sg-app]: beginning deploy... 
[info] i  hosting[openscoreboard-sg-app]: found 26 files in openscoreboard-app/dist 
[debug] [2026-05-27T08:00:59.343Z] [hosting] uploading with 200 concurrency
[debug] [2026-05-27T08:00:59.347Z] Checked if tokens are valid: true, expires at: 1779871415077
[debug] [2026-05-27T08:00:59.348Z] Checked if tokens are valid: true, expires at: 1779871415077
[debug] [2026-05-27T08:00:59.349Z] [hosting] hash cache [b3BlbnNjb3JlYm9hcmQtYXBwXGRpc3Q] stored for 26 files
[debug] [2026-05-27T08:00:59.349Z] [hosting][hash queue][FINAL] {"max":3,"min":0,"avg":0,"active":0,"complete":26,"success":26,"errored":0,"retried":0,"total":26,"elapsed":5}
[debug] [2026-05-27T08:00:59.349Z] >>> [apiv2][query] POST https://firebasehosting.googleapis.com/v1beta1/projects/677202873577/sites/openscoreboard-sg-app/versions/ad107d4de723c719:populateFiles [none]
[debug] [2026-05-27T08:00:59.349Z] >>> [apiv2][body] POST https://firebasehosting.googleapis.com/v1beta1/projects/677202873577/sites/openscoreboard-sg-app/versions/ad107d4de723c719:populateFiles {"files":{"/metadata.json":"59607d4abc28dbe25c04810f4160b1e785f320a28d51d4caf80c70367ec8b978","/index.html":"677320398369f019ab3496af813426cd64d56957f26c1d364c2f4613426c25d9","/favicon.ico":"339b2a2a587c734e30aff04ecfefe6b0142fd9b20e150c5944761e81141ae520","/_expo/static/js/web/index-9535054ad06140d9c980675cc02f7f7b.js":"e870891fdf9a3c0d9ca54957a30d0416ea1bbfa2f7e13fb0df24f520c5223b3e","/_expo/static/js/web/AppEntry-719f3d1977cd5c60eff62edffdff751e.js":"882fcc619bba346be37ebd27646648079bab3b18917274bd5c035e7b27ba682f","/assets/node_modules/expo/node_modules/@expo/vector-icons/build/vendor/react-native-vector-icons/Fonts/Zocial.1681f34aaca71b8dfb70756bca331eb2.ttf":"afa62b88cb08058a55259eaadc0a77071a233d672bf48528ec202d7e8e209fb1","/assets/node_modules/expo/node_modules/@expo/vector-icons/build/vendor/react-native-vector-icons/Fonts/SimpleLineIcons.d2285965fe34b05465047401b8595dd0.ttf":"7dc88f09697a4ae07d5b51ae255548528f828fc13bf992b0920e448300aa63c5","/assets/node_modules/expo/node_modules/@expo/vector-icons/build/vendor/react-native-vector-icons/Fonts/Octicons.871378c6eab492a3e689a9385dc45a12.ttf":"a52e32ec2b8a58173e5824c468d992d9b65749e66ed521c3c28d57361e43deae","/assets/node_modules/expo/node_modules/@expo/vector-icons/build/vendor/react-native-vector-icons/Fonts/MaterialIcons.4e85bc9ebe07e0340c9c4fc2f6c38908.ttf":"c9ad4674db8af46e0b4bdcff009bcf4925863535ce1230899d2576645ec07691","/assets/node_modules/expo/node_modules/@expo/vector-icons/build/vendor/react-native-vector-icons/Fonts/MaterialCommunityIcons.6e435534bd35da5fef04168860a9b8fa.ttf":"c3b223b088d2712e67f773b4f9589093ce20c1341ed97f3b9126c7862a3b3dc7","/assets/node_modules/expo/node_modules/@expo/vector-icons/build/vendor/react-native-vector-icons/Fonts/Ionicons.b4eb097d35f44ed943676fd56f6bdc51.ttf":"711ac561b20157b0f0daf1340845ff263b89bc1e2aae30638497716cef43996e","/assets/node_modules/expo/node_modules/@expo/vector-icons/build/vendor/react-native-vector-icons/Fonts/Foundation.e20945d7c929279ef7a6f1db184a4470.ttf":"c2f91432452dc2af8572d423174cbafe05f90813619fbadce4de3f62b9ea9c07","/assets/node_modules/expo/node_modules/@expo/vector-icons/build/vendor/react-native-vector-icons/Fonts/Fontisto.b49ae8ab2dbccb02c4d11caaacf09eab.ttf":"c662a3e02d659bcd86404af2de6377d32528a9c34577df7903578bebdd9f3be5","/assets/node_modules/expo/node_modules/@expo/vector-icons/build/vendor/react-native-vector-icons/Fonts/FontAwesome6_Solid.adec7d6f310bc577f05e8fe06a5daccf.ttf":"97fef656feed9857ff47cf63a1a94b1dc04ba9cde1282087981b472119929568","/assets/node_modules/expo/node_modules/@expo/vector-icons/build/vendor/react-native-vector-icons/Fonts/FontAwesome6_Regular.370dd5af19f8364907b6e2c41f45dbbf.ttf":"1757df674dbf9203c0375f45b79386d14b26122806a23c9aac5f405a1f98700a","/assets/node_modules/expo/node_modules/@expo/vector-icons/build/vendor/react-native-vector-icons/Fonts/FontAwesome6_Brands.56c8d80832e37783f12c05db7c8849e2.ttf":"6d3a52f16a8ad644d70f92c27551c11c8cb8da014bbda19bf7db6b1efa3bde76","/assets/node_modules/expo/node_modules/@expo/vector-icons/build/vendor/react-native-vector-icons/Fonts/FontAwesome5_Solid.605ed7926cf39a2ad5ec2d1f9d391d3d.ttf":"07fd72248128f36099779414746afa143b93088555572cdf4748f73888385f92","/assets/node_modules/expo/node_modules/@expo/vector-icons/build/vendor/react-native-vector-icons/Fonts/FontAwesome5_Regular.1f77739ca9ff2188b539c36f30ffa2be.ttf":"56a9ac2c85b7c593c1940ade60e56ee8a25d05f5568bf113d533db251ad1b86c","/assets/node_modules/expo/node_modules/@expo/vector-icons/build/vendor/react-native-vector-icons/Fonts/FontAwesome5_Brands.3b89dd103490708d19a95adcae52210e.ttf":"b20ce98b15739af71e3b1ec6463aaecf660d88eec057c5a35ad29363089fc087","/assets/node_modules/expo/node_modules/@expo/vector-icons/build/vendor/react-native-vector-icons/Fonts/FontAwesome.b06871f281fee6b241d60582ae9369b9.ttf":"372cd1aecf58263d38b3dd9c528d48ab6189595bd4e2bd4b54e8d74dd87fb9e6","/assets/node_modules/expo/node_modules/@expo/vector-icons/build/vendor/react-native-vector-icons/Fonts/Feather.ca4b48e04dc1ce10bfbddb262c8b835f.ttf":"c2837c72480a878bbf3ce9e3c65009376020eddf40540f5d30f9eea76cd617c7","/assets/node_modules/expo/node_modules/@expo/vector-icons/build/vendor/react-native-vector-icons/Fonts/EvilIcons.140c53a7643ea949007aa9a282153849.ttf":"33cc61ed1c6f7b8415d75899ee2e0a9cd045aae85ced7de5243a4e091c4906d5","/assets/node_modules/expo/node_modules/@expo/vector-icons/build/vendor/react-native-vector-icons/Fonts/Entypo.31b5ffea3daddc69dd01a1f3d6cf63c5.ttf":"9f63a3b136a168c5850820e3e5ce7af5288e591715ecc7fa40938e5d6413bd0c","/assets/node_modules/expo/node_modules/@expo/vector-icons/build/vendor/react-native-vector-icons/Fonts/AntDesign.3f78af31cca60105799838a1a7a59fbd.ttf":"5688db18d40002c1d45f2a137810d091588c18de48f789babcc3931b58bb078c","/assets/node_modules/@react-navigation/elements/lib/module/assets/back-icon.35ba0eaec5a4f5ed12ca16fabeae451d.png":"c9dc675c0fa80f9b608ebff3c70479f21511b6b02c6ca5c2ee4da9be357b26a0","/assets/node_modules/@react-navigation/elements/lib/module/assets/back-icon-mask.5223c8d9b0d08b82a5670fb5f71faf78.png":"3faa499624f59c6d5ec7d2e6803d27b077baedbeb5baa8ecd61d0f3855c24bb3"}}
[debug] [2026-05-27T08:01:00.052Z] <<< [apiv2][status] POST https://firebasehosting.googleapis.com/v1beta1/projects/677202873577/sites/openscoreboard-sg-app/versions/ad107d4de723c719:populateFiles 200
[debug] [2026-05-27T08:01:00.052Z] <<< [apiv2][body] POST https://firebasehosting.googleapis.com/v1beta1/projects/677202873577/sites/openscoreboard-sg-app/versions/ad107d4de723c719:populateFiles {"uploadUrl":"https://upload-firebasehosting.googleapis.com/upload/sites/openscoreboard-sg-app/versions/ad107d4de723c719/files"}
[debug] [2026-05-27T08:01:00.052Z] [hosting][populate queue][FINAL] {"max":705,"min":705,"avg":705,"active":0,"complete":1,"success":1,"errored":0,"retried":0,"total":1,"elapsed":705}
[debug] [2026-05-27T08:01:00.052Z] [hosting] uploads queued: 0
[debug] [2026-05-27T08:01:00.053Z] [hosting][upload queue][FINAL] {"max":0,"min":9999999999,"avg":0,"active":0,"complete":0,"success":0,"errored":0,"retried":0,"total":0,"elapsed":1779868860053}
[info] i  hosting: upload complete 
[info] +  hosting[openscoreboard-sg-app]: file upload complete 
[debug] [2026-05-27T08:01:00.053Z] [hosting] deploy completed after 722ms
[debug] [2026-05-27T08:01:00.053Z] [
  {
    "config": {
      "target": "app",
      "public": "openscoreboard-app/dist",
      "ignore": [
        "firebase.json",
        "**/.*"
      ],
      "rewrites": [
        {
          "source": "/login",
          "destination": "/index.html"
        },
        {
          "source": "/scoring/**",
          "destination": "/index.html"
        },
        {
          "source": "/tables",
          "destination": "/index.html"
        },
        {
          "source": "/scoreboards",
          "destination": "/index.html"
        },
        {
          "source": "/",
          "destination": "/index.html"
        }
      ],
      "site": "openscoreboard-sg-app"
    },
    "version": "projects/677202873577/sites/openscoreboard-sg-app/versions/ad107d4de723c719"
  }
]
[info] i  hosting[openscoreboard-sg-app]: finalizing version... 
[debug] [2026-05-27T08:01:00.054Z] Checked if tokens are valid: true, expires at: 1779871415077
[debug] [2026-05-27T08:01:00.054Z] Checked if tokens are valid: true, expires at: 1779871415077
[debug] [2026-05-27T08:01:00.055Z] >>> [apiv2][query] PATCH https://firebasehosting.googleapis.com/v1beta1/projects/-/sites/openscoreboard-sg-app/versions/ad107d4de723c719 updateMask=status%2Cconfig
[debug] [2026-05-27T08:01:00.055Z] >>> [apiv2][body] PATCH https://firebasehosting.googleapis.com/v1beta1/projects/-/sites/openscoreboard-sg-app/versions/ad107d4de723c719 {"status":"FINALIZED","config":{"rewrites":[{"glob":"/login","path":"/index.html"},{"glob":"/scoring/**","path":"/index.html"},{"glob":"/tables","path":"/index.html"},{"glob":"/scoreboards","path":"/index.html"},{"glob":"/","path":"/index.html"}]}}
[debug] [2026-05-27T08:01:00.697Z] <<< [apiv2][status] PATCH https://firebasehosting.googleapis.com/v1beta1/projects/-/sites/openscoreboard-sg-app/versions/ad107d4de723c719 200
[debug] [2026-05-27T08:01:00.697Z] <<< [apiv2][body] PATCH https://firebasehosting.googleapis.com/v1beta1/projects/-/sites/openscoreboard-sg-app/versions/ad107d4de723c719 {"name":"projects/677202873577/sites/openscoreboard-sg-app/versions/ad107d4de723c719","status":"FINALIZED","config":{"rewrites":[{"glob":"/login","path":"/index.html"},{"glob":"/scoring/**","path":"/index.html"},{"glob":"/tables","path":"/index.html"},{"glob":"/scoreboards","path":"/index.html"},{"glob":"/","path":"/index.html"}]},"labels":{"deployment-tool":"cli-firebase"},"createTime":"2026-05-27T08:00:58.449438Z","createUser":{"email":"emmanuellim7393@gmail.com"},"finalizeTime":"2026-05-27T08:01:00.257362Z","finalizeUser":{"email":"emmanuellim7393@gmail.com"}}
[debug] [2026-05-27T08:01:00.697Z] [hosting] finalized version for openscoreboard-sg-app:[object Object]
[info] +  hosting[openscoreboard-sg-app]: version finalized 
[info] i  hosting[openscoreboard-sg-app]: releasing new version... 
[debug] [2026-05-27T08:01:00.698Z] Checked if tokens are valid: true, expires at: 1779871415077
[debug] [2026-05-27T08:01:00.698Z] Checked if tokens are valid: true, expires at: 1779871415077
[debug] [2026-05-27T08:01:00.698Z] >>> [apiv2][query] POST https://firebasehosting.googleapis.com/v1beta1/projects/-/sites/openscoreboard-sg-app/channels/live/releases versionName=projects%2F677202873577%2Fsites%2Fopenscoreboard-sg-app%2Fversions%2Fad107d4de723c719
[debug] [2026-05-27T08:01:00.698Z] >>> [apiv2][body] POST https://firebasehosting.googleapis.com/v1beta1/projects/-/sites/openscoreboard-sg-app/channels/live/releases {}
[debug] [2026-05-27T08:01:01.500Z] <<< [apiv2][status] POST https://firebasehosting.googleapis.com/v1beta1/projects/-/sites/openscoreboard-sg-app/channels/live/releases 200
